<?xml version="1.0" encoding="UTF-8"?>
<!-- Generated by org.testng.reporters.JUnitReportReporter -->
<testsuite hostname="DESKTOP-LFE9M1B" failures="0" tests="2" name="test.loginPageTest" time="104.249" errors="0" timestamp="2020-11-27T21:28:46 IST" skipped="0">
  <testcase classname="test.loginPageTest" name="LoginPageTest" time="32.667"/>
  <testcase classname="test.loginPageTest" name="LoginPageTest1" time="71.582"/>
</testsuite> <!-- test.loginPageTest -->
